  Race.cpp
d:\knu\koval\runningcockroaches\runningcockroaches\race.cpp(34): warning C4018: <: несоответствие типов со знаком и без знака
d:\knu\koval\runningcockroaches\runningcockroaches\race.cpp(64): warning C4129: K: неизвестная escape-последовательность
d:\knu\koval\runningcockroaches\runningcockroaches\race.cpp(64): warning C4129: R: неизвестная escape-последовательность
d:\knu\koval\runningcockroaches\runningcockroaches\race.cpp(64): warning C4129: B: неизвестная escape-последовательность
d:\knu\koval\runningcockroaches\runningcockroaches\race.cpp(65): warning C4129: K: неизвестная escape-последовательность
d:\knu\koval\runningcockroaches\runningcockroaches\race.cpp(65): warning C4129: R: неизвестная escape-последовательность
d:\knu\koval\runningcockroaches\runningcockroaches\race.cpp(65): warning C4129: B: неизвестная escape-последовательность
d:\knu\koval\runningcockroaches\runningcockroaches\race.cpp(67): warning C4129: K: неизвестная escape-последовательность
d:\knu\koval\runningcockroaches\runningcockroaches\race.cpp(67): warning C4129: R: неизвестная escape-последовательность
d:\knu\koval\runningcockroaches\runningcockroaches\race.cpp(67): warning C4129: B: неизвестная escape-последовательность
d:\knu\koval\runningcockroaches\runningcockroaches\race.cpp(68): warning C4129: K: неизвестная escape-последовательность
d:\knu\koval\runningcockroaches\runningcockroaches\race.cpp(68): warning C4129: R: неизвестная escape-последовательность
d:\knu\koval\runningcockroaches\runningcockroaches\race.cpp(68): warning C4129: B: неизвестная escape-последовательность
d:\knu\koval\runningcockroaches\runningcockroaches\race.cpp(70): warning C4129: K: неизвестная escape-последовательность
d:\knu\koval\runningcockroaches\runningcockroaches\race.cpp(70): warning C4129: R: неизвестная escape-последовательность
d:\knu\koval\runningcockroaches\runningcockroaches\race.cpp(70): warning C4129: B: неизвестная escape-последовательность
d:\knu\koval\runningcockroaches\runningcockroaches\race.cpp(71): warning C4129: K: неизвестная escape-последовательность
d:\knu\koval\runningcockroaches\runningcockroaches\race.cpp(71): warning C4129: R: неизвестная escape-последовательность
d:\knu\koval\runningcockroaches\runningcockroaches\race.cpp(71): warning C4129: B: неизвестная escape-последовательность
d:\knu\koval\runningcockroaches\runningcockroaches\race.cpp(73): warning C4129: K: неизвестная escape-последовательность
d:\knu\koval\runningcockroaches\runningcockroaches\race.cpp(73): warning C4129: R: неизвестная escape-последовательность
d:\knu\koval\runningcockroaches\runningcockroaches\race.cpp(73): warning C4129: B: неизвестная escape-последовательность
d:\knu\koval\runningcockroaches\runningcockroaches\race.cpp(74): warning C4129: K: неизвестная escape-последовательность
d:\knu\koval\runningcockroaches\runningcockroaches\race.cpp(74): warning C4129: R: неизвестная escape-последовательность
d:\knu\koval\runningcockroaches\runningcockroaches\race.cpp(74): warning C4129: B: неизвестная escape-последовательность
d:\knu\koval\runningcockroaches\runningcockroaches\race.cpp(76): warning C4129: K: неизвестная escape-последовательность
d:\knu\koval\runningcockroaches\runningcockroaches\race.cpp(76): warning C4129: R: неизвестная escape-последовательность
d:\knu\koval\runningcockroaches\runningcockroaches\race.cpp(76): warning C4129: B: неизвестная escape-последовательность
d:\knu\koval\runningcockroaches\runningcockroaches\race.cpp(77): warning C4129: K: неизвестная escape-последовательность
d:\knu\koval\runningcockroaches\runningcockroaches\race.cpp(77): warning C4129: R: неизвестная escape-последовательность
d:\knu\koval\runningcockroaches\runningcockroaches\race.cpp(77): warning C4129: B: неизвестная escape-последовательность
d:\knu\koval\runningcockroaches\runningcockroaches\race.cpp(79): warning C4129: K: неизвестная escape-последовательность
d:\knu\koval\runningcockroaches\runningcockroaches\race.cpp(79): warning C4129: R: неизвестная escape-последовательность
d:\knu\koval\runningcockroaches\runningcockroaches\race.cpp(79): warning C4129: B: неизвестная escape-последовательность
d:\knu\koval\runningcockroaches\runningcockroaches\race.cpp(80): warning C4129: K: неизвестная escape-последовательность
d:\knu\koval\runningcockroaches\runningcockroaches\race.cpp(80): warning C4129: R: неизвестная escape-последовательность
d:\knu\koval\runningcockroaches\runningcockroaches\race.cpp(80): warning C4129: B: неизвестная escape-последовательность
d:\knu\koval\runningcockroaches\runningcockroaches\race.cpp(82): warning C4129: K: неизвестная escape-последовательность
d:\knu\koval\runningcockroaches\runningcockroaches\race.cpp(82): warning C4129: R: неизвестная escape-последовательность
d:\knu\koval\runningcockroaches\runningcockroaches\race.cpp(82): warning C4129: B: неизвестная escape-последовательность
d:\knu\koval\runningcockroaches\runningcockroaches\race.cpp(83): warning C4129: K: неизвестная escape-последовательность
d:\knu\koval\runningcockroaches\runningcockroaches\race.cpp(83): warning C4129: R: неизвестная escape-последовательность
d:\knu\koval\runningcockroaches\runningcockroaches\race.cpp(83): warning C4129: B: неизвестная escape-последовательность
  RunningCockroaches.cpp
d:\knu\koval\runningcockroaches\runningcockroaches\runningcockroaches.cpp(14): warning C4244: аргумент: преобразование "time_t" в "unsigned int", возможна потеря данных
d:\knu\koval\runningcockroaches\runningcockroaches\runningcockroaches.cpp(44): warning C4018: <: несоответствие типов со знаком и без знака
  Создание кода...
  RunningCockroaches.vcxproj -> D:\KNU\Koval\RunningCockroaches\x64\Debug\RunningCockroaches.exe
